<?xml version="1.0" encoding="UTF-8"?>
<!-- Generated by org.testng.reporters.JUnitXMLReporter -->
<testsuite ignored="0" hostname="user-PC" failures="0" tests="5" name="  Employeeclaim Test" time="16.104" errors="0" timestamp="2024-02-19T17:09:10 IST">
  <testcase classname="testcases.Claim_Employeeclaim_page" name="movetoclaimlink" time="2.856"/>
  <testcase classname="testcases.Claim_Employeeclaim_page" name="select_refid" time="4.227"/>
  <testcase classname="testcases.Claim_Employeeclaim_page" name="select_Status" time="2.341"/>
  <testcase classname="testcases.Claim_Employeeclaim_page" name="view" time="2.466"/>
  <testcase classname="testcases.Claim_Employeeclaim_page" name="addclaimtype" time="4.115"/>
</testsuite> <!--   Employeeclaim Test -->
