<?xml version="1.0" encoding="UTF-8"?>
<!-- Generated by org.testng.reporters.JUnitXMLReporter -->
<testsuite ignored="0" hostname="user-PC" failures="0" tests="3" name=" Addemployee Test" time="6.109" errors="0" timestamp="2024-02-19T17:10:21 IST">
  <testcase classname="testcases.PIM_AddEmployee_Page" name="AddEmployee" time="4.311"/>
  <testcase classname="testcases.PIM_AddEmployee_Page" name="CreateLoginDetails" time="1.468"/>
  <testcase classname="testcases.PIM_AddEmployee_Page" name="submit" time="0.303"/>
</testsuite> <!--  Addemployee Test -->
