<?xml version="1.0" encoding="UTF-8"?>
<!-- Generated by org.testng.reporters.JUnitXMLReporter -->
<testsuite ignored="0" hostname="user-PC" failures="1" tests="4" name=" Assign claim Test" time="10.755" errors="0" timestamp="2024-02-17T18:46:28 IST">
  <testcase classname="testcases.Claim_Myclaim_page" name="movetoclaimlink" time="3.308"/>
  <testcase classname="testcases.Claim_Myclaim_page" name="select_event" time="5.969"/>
  <testcase classname="testcases.Claim_Myclaim_page" name="select_Status" time="1.034"/>
  <testcase classname="testcases.Claim_Myclaim_page" name="verify" time="0.336">
    <failure type="java.lang.AssertionError" message="expected [initiated] but found [Initiated]">
      <![CDATA[java.lang.AssertionError: expected [initiated] but found [Initiated]
at testcases.Claim_Myclaim_page.verify(Claim_Myclaim_page.java:69)
at java.base/java.util.ArrayList.forEach(ArrayList.java:1511)
... Removed 31 stack frames]]>
    </failure>
  </testcase> <!-- verify -->
</testsuite> <!--  Assign claim Test -->
