<?xml version="1.0" encoding="UTF-8"?>
<!-- Generated by org.testng.reporters.JUnitXMLReporter -->
<testsuite ignored="0" hostname="user-PC" failures="0" tests="4" name=" submit claim Test" time="25.594" errors="0" timestamp="2024-02-17T16:22:17 IST">
  <testcase classname="testcases.Claim_submitclaim_page" name="movetoclaimlink" time="2.012"/>
  <testcase classname="testcases.Claim_submitclaim_page" name="submitclaim" time="2.02"/>
  <testcase classname="testcases.Claim_submitclaim_page" name="select_event" time="10.569"/>
  <testcase classname="testcases.Claim_submitclaim_page" name="select_currency" time="10.783"/>
</testsuite> <!--  submit claim Test -->
