<?xml version="1.0" encoding="UTF-8"?>
<!-- Generated by org.testng.reporters.JUnitXMLReporter -->
<testsuite ignored="0" hostname="user-PC" failures="0" tests="4" name=" UserRole Test" time="18.137" errors="0" timestamp="2024-02-19T17:08:54 IST">
  <testcase classname="testcases.Admin_User_RolePage" name="movetouserrole" time="10.508"/>
  <testcase classname="testcases.Admin_User_RolePage" name="selectuserrole" time="4.452"/>
  <testcase classname="testcases.Admin_User_RolePage" name="selectuserstatus" time="1.579"/>
  <testcase classname="testcases.Admin_User_RolePage" name="verifyUsers" time="1.558"/>
</testsuite> <!--  UserRole Test -->
